-------------------------------------------------------------------------------
Test set: TestSuite
-------------------------------------------------------------------------------
Tests run: 4, Failures: 1, Errors: 0, Skipped: 0, Time elapsed: 37.478 s <<< FAILURE! - in TestSuite
Group.E2EProject.ValidateTitleTest.validateTitle  Time elapsed: 0.458 s  <<< FAILURE!
java.lang.AssertionError: expected [FEATURED COUR676SES] but found [FEATURED COURSES]
	at Group.E2EProject.ValidateTitleTest.validateTitle(ValidateTitleTest.java:26)

