<?xml version="1.0" encoding="UTF-8"?>
<!-- Generated by org.testng.reporters.JUnitXMLReporter -->
<testsuite ignored="0" hostname="YV-Jerry" failures="0" tests="4" name="Test" time="83.84" errors="0" timestamp="2021-11-07T22:42:02 WAT">
  <testcase classname="Group.E2EProject.ValidateTitle" name="HomePage" time="0.497"/>
  <testcase classname="Group.E2EProject.signIn" name="HomePage" time="11.112"/>
  <testcase classname="Group.E2EProject.signIn" name="HomePage" time="5.578"/>
  <testcase classname="Group.E2EProject.ValidateHeader" name="HomePage" time="0.259"/>
</testsuite> <!-- Test -->
