<?xml version="1.0" encoding="UTF-8"?>
<!-- Generated by org.testng.reporters.JUnitXMLReporter -->
<testsuite ignored="0" hostname="YV-Jerry" failures="1" tests="1" name="Validating the Title" time="33.709" errors="0" timestamp="2021-12-09T17:04:52 WAT">
  <testcase classname="Group.E2EProject.ValidateTitleTest" name="validateTitle" time="0.444">
    <failure type="java.lang.AssertionError" message="expected [FEATURED COUR676SES] but found [FEATURED COURSES]">
      <![CDATA[java.lang.AssertionError: expected [FEATURED COUR676SES] but found [FEATURED COURSES]
at Group.E2EProject.ValidateTitleTest.validateTitle(ValidateTitleTest.java:26)
at java.base/java.util.ArrayList.forEach(ArrayList.java:1511)
at java.base/java.util.concurrent.FutureTask.run(FutureTask.java:264)
at java.base/java.util.concurrent.ThreadPoolExecutor.runWorker(ThreadPoolExecutor.java:1130)
at java.base/java.util.concurrent.ThreadPoolExecutor$Worker.run(ThreadPoolExecutor.java:630)
at java.base/java.lang.Thread.run(Thread.java:831)
... Removed 24 stack frames]]>
    </failure>
  </testcase> <!-- validateTitle -->
</testsuite> <!-- Validating the Title -->
